<?xml version="1.0" encoding="UTF-8"?>
<!-- Generated by org.testng.reporters.JUnitReportReporter -->
<testsuite hostname="DESKTOP-9GSDD85" failures="0" tests="1" name="com.antitime.testscript.CustomerModule" time="22.684" errors="0" timestamp="12 Jun 2022 03:32:27 GMT" skipped="0">
  <testcase classname="com.antitime.testscript.CustomerModule" name="testCreateCustomer" time="22.684"/>
</testsuite> <!-- com.antitime.testscript.CustomerModule -->
